<?xml version="1.0" encoding="UTF-8"?>
<!-- Generated by org.testng.reporters.JUnitReportReporter -->
<testsuite hostname="DESKTOP-ELQUOU3" failures="0" tests="1" name="testCases.TC001_DemoFromTest" time="4.073" errors="0" timestamp="2025-08-05T15:24:57 IST" skipped="0">
  <testcase classname="testCases.TC001_DemoFromTest" name="verify_demo_form" time="4.073"/>
</testsuite> <!-- testCases.TC001_DemoFromTest -->
